# JRE version: OpenJDK Runtime Environment (11.0.12+7) (build 11.0.12+7-b1504.28-7817840)
# Java VM: OpenJDK 64-Bit Server VM (11.0.12+7-b1504.28-7817840, mixed mode, tiered, compressed oops, g1 gc, windows-amd64)
Heap:
 garbage-first heap   total 189440K, used 106694K [0x0000000080000000, 0x0000000100000000)
  region size 1024K, 32 young (32768K), 8 survivors (8192K)
 Metaspace       used 92590K, capacity 94792K, committed 94796K, reserved 1132544K
  class space    used 11868K, capacity 12668K, committed 12672K, reserved 1048576K
GC Heap History (20 events):
Event: 13.251 GC heap before
{Heap before GC invocations=12 (full 0):
 garbage-first heap   total 157696K, used 105281K [0x0000000080000000, 0x0000000100000000)
  region size 1024K, 73 young (74752K), 3 survivors (3072K)
 Metaspace       used 48734K, capacity 49897K, committed 49996K, reserved 1093632K
  class space    used 6241K, capacity 6688K, committed 6784K, reserved 1048576K
}
Event: 13.265 GC heap after
{Heap after GC invocations=13 (full 0):
 garbage-first heap   total 157696K, used 43008K [0x0000000080000000, 0x0000000100000000)
  region size 1024K, 10 young (10240K), 10 survivors (10240K)
 Metaspace       used 48734K, capacity 49897K, committed 49996K, reserved 1093632K
  class space    used 6241K, capacity 6688K, committed 6784K, reserved 1048576K
}
Event: 15.578 GC heap before
{Heap before GC invocations=13 (full 0):
 garbage-first heap   total 157696K, used 114688K [0x0000000080000000, 0x0000000100000000)
  region size 1024K, 80 young (81920K), 10 survivors (10240K)
 Metaspace       used 58650K, capacity 60025K, committed 60236K, reserved 1101824K
  class space    used 7413K, capacity 7937K, committed 8064K, reserved 1048576K
}
Event: 15.596 GC heap after
{Heap after GC invocations=14 (full 0):
 garbage-first heap   total 157696K, used 46321K [0x0000000080000000, 0x0000000100000000)
  region size 1024K, 4 young (4096K), 4 survivors (4096K)
 Metaspace       used 58650K, capacity 60025K, committed 60236K, reserved 1101824K
  class space    used 7413K, capacity 7937K, committed 8064K, reserved 1048576K
}
Event: 15.603 GC heap before
{Heap before GC invocations=14 (full 0):
 garbage-first heap   total 157696K, used 46321K [0x0000000080000000, 0x0000000100000000)
  region size 1024K, 5 young (5120K), 4 survivors (4096K)
 Metaspace       used 58673K, capacity 60089K, committed 60236K, reserved 1101824K
  class space    used 7417K, capacity 7937K, committed 8064K, reserved 1048576K
}
Event: 15.612 GC heap after
{Heap after GC invocations=15 (full 0):
 garbage-first heap   total 157696K, used 46020K [0x0000000080000000, 0x0000000100000000)
  region size 1024K, 3 young (3072K), 3 survivors (3072K)
 Metaspace       used 58673K, capacity 60089K, committed 60236K, reserved 1101824K
  class space    used 7417K, capacity 7937K, committed 8064K, reserved 1048576K
}
Event: 18.622 GC heap before
{Heap before GC invocations=16 (full 0):
 garbage-first heap   total 157696K, used 119748K [0x0000000080000000, 0x0000000100000000)
  region size 1024K, 75 young (76800K), 3 survivors (3072K)
 Metaspace       used 66051K, capacity 67547K, committed 67788K, reserved 1107968K
  class space    used 8348K, capacity 8920K, committed 8960K, reserved 1048576K
}
Event: 18.644 GC heap after
{Heap after GC invocations=17 (full 0):
 garbage-first heap   total 157696K, used 52164K [0x0000000080000000, 0x0000000100000000)
  region size 1024K, 9 young (9216K), 9 survivors (9216K)
 Metaspace       used 66051K, capacity 67547K, committed 67788K, reserved 1107968K
  class space    used 8348K, capacity 8920K, committed 8960K, reserved 1048576K
}
Event: 22.231 GC heap before
{Heap before GC invocations=17 (full 0):
 garbage-first heap   total 157696K, used 122820K [0x0000000080000000, 0x0000000100000000)
  region size 1024K, 78 young (79872K), 9 survivors (9216K)
 Metaspace       used 70937K, capacity 72501K, committed 72780K, reserved 1112064K
  class space    used 9171K, capacity 9777K, committed 9856K, reserved 1048576K
}
Event: 22.254 GC heap after
{Heap after GC invocations=18 (full 0):
 garbage-first heap   total 189440K, used 56446K [0x0000000080000000, 0x0000000100000000)
  region size 1024K, 6 young (6144K), 6 survivors (6144K)
 Metaspace       used 70937K, capacity 72501K, committed 72780K, reserved 1112064K
  class space    used 9171K, capacity 9777K, committed 9856K, reserved 1048576K
}
Event: 24.523 GC heap before
{Heap before GC invocations=18 (full 0):
 garbage-first heap   total 189440K, used 135294K [0x0000000080000000, 0x0000000100000000)
  region size 1024K, 83 young (84992K), 6 survivors (6144K)
 Metaspace       used 79058K, capacity 80838K, committed 81100K, reserved 1120256K
  class space    used 10303K, capacity 10984K, committed 11008K, reserved 1048576K
}
Event: 24.542 GC heap after
{Heap after GC invocations=19 (full 0):
 garbage-first heap   total 189440K, used 60728K [0x0000000080000000, 0x0000000100000000)
  region size 1024K, 10 young (10240K), 10 survivors (10240K)
 Metaspace       used 79058K, capacity 80838K, committed 81100K, reserved 1120256K
  class space    used 10303K, capacity 10984K, committed 11008K, reserved 1048576K
}
Event: 27.108 GC heap before
{Heap before GC invocations=19 (full 0):
 garbage-first heap   total 189440K, used 146744K [0x0000000080000000, 0x0000000100000000)
  region size 1024K, 95 young (97280K), 10 survivors (10240K)
 Metaspace       used 84160K, capacity 86221K, committed 86476K, reserved 1124352K
  class space    used 10905K, capacity 11697K, committed 11776K, reserved 1048576K
}
Event: 27.139 GC heap after
{Heap after GC invocations=20 (full 0):
 garbage-first heap   total 189440K, used 68535K [0x0000000080000000, 0x0000000100000000)
  region size 1024K, 12 young (12288K), 12 survivors (12288K)
 Metaspace       used 84160K, capacity 86221K, committed 86476K, reserved 1124352K
  class space    used 10905K, capacity 11697K, committed 11776K, reserved 1048576K
}
Event: 29.162 GC heap before
{Heap before GC invocations=20 (full 0):
 garbage-first heap   total 189440K, used 147383K [0x0000000080000000, 0x0000000100000000)
  region size 1024K, 90 young (92160K), 12 survivors (12288K)
 Metaspace       used 86196K, capacity 88308K, committed 88396K, reserved 1126400K
  class space    used 11115K, capacity 11899K, committed 11904K, reserved 1048576K
}
Event: 29.194 GC heap after
{Heap after GC invocations=21 (full 0):
 garbage-first heap   total 189440K, used 75075K [0x0000000080000000, 0x0000000100000000)
  region size 1024K, 7 young (7168K), 7 survivors (7168K)
 Metaspace       used 86196K, capacity 88308K, committed 88396K, reserved 1126400K
  class space    used 11115K, capacity 11899K, committed 11904K, reserved 1048576K
}
Event: 30.214 GC heap before
{Heap before GC invocations=21 (full 0):
 garbage-first heap   total 189440K, used 149827K [0x0000000080000000, 0x0000000100000000)
  region size 1024K, 81 young (82944K), 7 survivors (7168K)
 Metaspace       used 89273K, capacity 91453K, committed 91724K, reserved 1128448K
  class space    used 11507K, capacity 12319K, committed 12416K, reserved 1048576K
}
Event: 30.232 GC heap after
{Heap after GC invocations=22 (full 0):
 garbage-first heap   total 189440K, used 78656K [0x0000000080000000, 0x0000000100000000)
  region size 1024K, 4 young (4096K), 4 survivors (4096K)
 Metaspace       used 89273K, capacity 91453K, committed 91724K, reserved 1128448K
  class space    used 11507K, capacity 12319K, committed 12416K, reserved 1048576K
}
Event: 34.631 GC heap before
{Heap before GC invocations=22 (full 0):
 garbage-first heap   total 189440K, used 151360K [0x0000000080000000, 0x0000000100000000)
  region size 1024K, 76 young (77824K), 4 survivors (4096K)
 Metaspace       used 91671K, capacity 93844K, committed 94028K, reserved 1130496K
  class space    used 11770K, capacity 12586K, committed 12672K, reserved 1048576K
}
Event: 34.652 GC heap after
{Heap after GC invocations=23 (full 0):
 garbage-first heap   total 189440K, used 83142K [0x0000000080000000, 0x0000000100000000)
  region size 1024K, 8 young (8192K), 8 survivors (8192K)
 Metaspace       used 91671K, capacity 93844K, committed 94028K, reserved 1130496K
  class space    used 11770K, capacity 12586K, committed 12672K, reserved 1048576K
}

