# JRE version: OpenJDK Runtime Environment (11.0.12+7) (build 11.0.12+7-b1504.28-7817840)
# Java VM: OpenJDK 64-Bit Server VM (11.0.12+7-b1504.28-7817840, mixed mode, tiered, compressed oops, g1 gc, windows-amd64)
Heap:
 garbage-first heap   total 227328K, used 148480K [0x0000000080000000, 0x0000000100000000)
  region size 1024K, 59 young (60416K), 5 survivors (5120K)
 Metaspace       used 94410K, capacity 96622K, committed 96888K, reserved 1132544K
  class space    used 12050K, capacity 12888K, committed 12920K, reserved 1048576K
GC Heap History (20 events):
Event: 7.741 GC heap before
{Heap before GC invocations=10 (full 0):
 garbage-first heap   total 157696K, used 85458K [0x0000000080000000, 0x0000000100000000)
  region size 1024K, 65 young (66560K), 6 survivors (6144K)
 Metaspace       used 39813K, capacity 40775K, committed 41088K, reserved 1085440K
  class space    used 5097K, capacity 5431K, committed 5504K, reserved 1048576K
}
Event: 7.759 GC heap after
{Heap after GC invocations=11 (full 0):
 garbage-first heap   total 157696K, used 28026K [0x0000000080000000, 0x0000000100000000)
  region size 1024K, 9 young (9216K), 9 survivors (9216K)
 Metaspace       used 39813K, capacity 40775K, committed 41088K, reserved 1085440K
  class space    used 5097K, capacity 5431K, committed 5504K, reserved 1048576K
}
Event: 8.915 GC heap before
{Heap before GC invocations=11 (full 0):
 garbage-first heap   total 157696K, used 90490K [0x0000000080000000, 0x0000000100000000)
  region size 1024K, 70 young (71680K), 9 survivors (9216K)
 Metaspace       used 45463K, capacity 46540K, committed 46720K, reserved 1089536K
  class space    used 5846K, capacity 6236K, committed 6272K, reserved 1048576K
}
Event: 8.934 GC heap after
{Heap after GC invocations=12 (full 0):
 garbage-first heap   total 157696K, used 30450K [0x0000000080000000, 0x0000000100000000)
  region size 1024K, 4 young (4096K), 4 survivors (4096K)
 Metaspace       used 45463K, capacity 46540K, committed 46720K, reserved 1089536K
  class space    used 5846K, capacity 6236K, committed 6272K, reserved 1048576K
}
Event: 10.959 GC heap before
{Heap before GC invocations=12 (full 0):
 garbage-first heap   total 157696K, used 106226K [0x0000000080000000, 0x0000000100000000)
  region size 1024K, 74 young (75776K), 4 survivors (4096K)
 Metaspace       used 48953K, capacity 50145K, committed 50304K, reserved 1093632K
  class space    used 6271K, capacity 6727K, committed 6784K, reserved 1048576K
}
Event: 10.977 GC heap after
{Heap after GC invocations=13 (full 0):
 garbage-first heap   total 189440K, used 43008K [0x0000000080000000, 0x0000000100000000)
  region size 1024K, 10 young (10240K), 10 survivors (10240K)
 Metaspace       used 48953K, capacity 50145K, committed 50304K, reserved 1093632K
  class space    used 6271K, capacity 6727K, committed 6784K, reserved 1048576K
}
Event: 13.028 GC heap before
{Heap before GC invocations=13 (full 0):
 garbage-first heap   total 189440K, used 108544K [0x0000000080000000, 0x0000000100000000)
  region size 1024K, 75 young (76800K), 10 survivors (10240K)
 Metaspace       used 58539K, capacity 59859K, committed 59904K, reserved 1101824K
  class space    used 7385K, capacity 7903K, committed 7936K, reserved 1048576K
}
Event: 13.058 GC heap after
{Heap after GC invocations=14 (full 0):
 garbage-first heap   total 189440K, used 46080K [0x0000000080000000, 0x0000000100000000)
  region size 1024K, 3 young (3072K), 3 survivors (3072K)
 Metaspace       used 58539K, capacity 59859K, committed 59904K, reserved 1101824K
  class space    used 7385K, capacity 7903K, committed 7936K, reserved 1048576K
}
Event: 14.944 GC heap before
{Heap before GC invocations=15 (full 0):
 garbage-first heap   total 189440K, used 124928K [0x0000000080000000, 0x0000000100000000)
  region size 1024K, 80 young (81920K), 3 survivors (3072K)
 Metaspace       used 66294K, capacity 67897K, committed 68216K, reserved 1107968K
  class space    used 8395K, capacity 8991K, committed 9080K, reserved 1048576K
}
Event: 14.979 GC heap after
{Heap after GC invocations=16 (full 0):
 garbage-first heap   total 189440K, used 51370K [0x0000000080000000, 0x0000000100000000)
  region size 1024K, 9 young (9216K), 9 survivors (9216K)
 Metaspace       used 66294K, capacity 67897K, committed 68216K, reserved 1107968K
  class space    used 8395K, capacity 8991K, committed 9080K, reserved 1048576K
}
Event: 17.296 GC heap before
{Heap before GC invocations=17 (full 0):
 garbage-first heap   total 189440K, used 131242K [0x0000000080000000, 0x0000000100000000)
  region size 1024K, 87 young (89088K), 9 survivors (9216K)
 Metaspace       used 72250K, capacity 73858K, committed 73976K, reserved 1114112K
  class space    used 9353K, capacity 9947K, committed 9976K, reserved 1048576K
}
Event: 17.321 GC heap after
{Heap after GC invocations=18 (full 0):
 garbage-first heap   total 189440K, used 57150K [0x0000000080000000, 0x0000000100000000)
  region size 1024K, 6 young (6144K), 6 survivors (6144K)
 Metaspace       used 72250K, capacity 73858K, committed 73976K, reserved 1114112K
  class space    used 9353K, capacity 9947K, committed 9976K, reserved 1048576K
}
Event: 19.877 GC heap before
{Heap before GC invocations=18 (full 0):
 garbage-first heap   total 189440K, used 139070K [0x0000000080000000, 0x0000000100000000)
  region size 1024K, 86 young (88064K), 6 survivors (6144K)
 Metaspace       used 80229K, capacity 82005K, committed 82168K, reserved 1120256K
  class space    used 10452K, capacity 11134K, committed 11256K, reserved 1048576K
}
Event: 19.898 GC heap after
{Heap after GC invocations=19 (full 0):
 garbage-first heap   total 227328K, used 62279K [0x0000000080000000, 0x0000000100000000)
  region size 1024K, 11 young (11264K), 11 survivors (11264K)
 Metaspace       used 80229K, capacity 82005K, committed 82168K, reserved 1120256K
  class space    used 10452K, capacity 11134K, committed 11256K, reserved 1048576K
}
Event: 22.764 GC heap before
{Heap before GC invocations=19 (full 0):
 garbage-first heap   total 227328K, used 154439K [0x0000000080000000, 0x0000000100000000)
  region size 1024K, 100 young (102400K), 11 survivors (11264K)
 Metaspace       used 84802K, capacity 86931K, committed 87160K, reserved 1124352K
  class space    used 10983K, capacity 11783K, committed 11896K, reserved 1048576K
}
Event: 22.812 GC heap after
{Heap after GC invocations=20 (full 0):
 garbage-first heap   total 227328K, used 76697K [0x0000000080000000, 0x0000000100000000)
  region size 1024K, 13 young (13312K), 13 survivors (13312K)
 Metaspace       used 84802K, capacity 86931K, committed 87160K, reserved 1124352K
  class space    used 10983K, capacity 11783K, committed 11896K, reserved 1048576K
}
Event: 26.373 GC heap before
{Heap before GC invocations=20 (full 0):
 garbage-first heap   total 227328K, used 179097K [0x0000000080000000, 0x0000000100000000)
  region size 1024K, 99 young (101376K), 13 survivors (13312K)
 Metaspace       used 89624K, capacity 91756K, committed 92024K, reserved 1128448K
  class space    used 11475K, capacity 12266K, committed 12408K, reserved 1048576K
}
Event: 26.415 GC heap after
{Heap after GC invocations=21 (full 0):
 garbage-first heap   total 227328K, used 89883K [0x0000000080000000, 0x0000000100000000)
  region size 1024K, 13 young (13312K), 13 survivors (13312K)
 Metaspace       used 89624K, capacity 91756K, committed 92024K, reserved 1128448K
  class space    used 11475K, capacity 12266K, committed 12408K, reserved 1048576K
}
Event: 27.822 GC heap before
{Heap before GC invocations=21 (full 0):
 garbage-first heap   total 227328K, used 170779K [0x0000000080000000, 0x0000000100000000)
  region size 1024K, 93 young (95232K), 13 survivors (13312K)
 Metaspace       used 92706K, capacity 94802K, committed 94968K, reserved 1132544K
  class space    used 11869K, capacity 12644K, committed 12792K, reserved 1048576K
}
Event: 27.852 GC heap after
{Heap after GC invocations=22 (full 0):
 garbage-first heap   total 227328K, used 95232K [0x0000000080000000, 0x0000000100000000)
  region size 1024K, 5 young (5120K), 5 survivors (5120K)
 Metaspace       used 92706K, capacity 94802K, committed 94968K, reserved 1132544K
  class space    used 11869K, capacity 12644K, committed 12792K, reserved 1048576K
}

